[     114ms] [LOG] [Fast Refresh] rebuilding @ http://localhost:3000/_next/static/chunks/0c-g_next_dist_00e4s9z._.js:2431
[     454ms] [LOG] [Fast Refresh] done in 443ms @ http://localhost:3000/_next/static/chunks/0c-g_next_dist_00e4s9z._.js:2431
[     551ms] [INFO] %cDownload the React DevTools for a better development experience: https://react.dev/link/react-devtools font-weight:bold @ http://localhost:3000/_next/static/chunks/0c-g_next_dist_00e4s9z._.js:2431
[     650ms] [LOG] [HMR] connected @ http://localhost:3000/_next/static/chunks/0c-g_next_dist_00e4s9z._.js:2431
[     868ms] [LOG] [Fast Refresh] rebuilding @ http://localhost:3000/_next/static/chunks/0c-g_next_dist_00e4s9z._.js:2431
[     979ms] [LOG] [Fast Refresh] done in 223ms @ http://localhost:3000/_next/static/chunks/0c-g_next_dist_00e4s9z._.js:2431
[    5728ms] [LOG] [Fast Refresh] rebuilding @ http://localhost:3000/_next/static/chunks/0c-g_next_dist_00e4s9z._.js:2431
[    5865ms] [LOG] [Fast Refresh] done in 246ms @ http://localhost:3000/_next/static/chunks/0c-g_next_dist_00e4s9z._.js:2431
[    5908ms] [INFO] %cDownload the React DevTools for a better development experience: https://react.dev/link/react-devtools font-weight:bold @ http://localhost:3000/_next/static/chunks/0c-g_next_dist_00e4s9z._.js:2431
[    5930ms] [LOG] [HMR] connected @ http://localhost:3000/_next/static/chunks/0c-g_next_dist_00e4s9z._.js:2431
[  181495ms] [LOG] [Fast Refresh] rebuilding @ http://localhost:3000/_next/static/chunks/0c-g_next_dist_00e4s9z._.js:2431
[  181506ms] [LOG] [Fast Refresh] done in 85ms @ http://localhost:3000/_next/static/chunks/0c-g_next_dist_00e4s9z._.js:2431
[  186513ms] [LOG] [Fast Refresh] rebuilding @ http://localhost:3000/_next/static/chunks/0c-g_next_dist_00e4s9z._.js:2431
[  186577ms] [LOG] [Fast Refresh] done in 27ms @ http://localhost:3000/_next/static/chunks/0c-g_next_dist_00e4s9z._.js:2431
[  191209ms] [LOG] [Fast Refresh] rebuilding @ http://localhost:3000/_next/static/chunks/0c-g_next_dist_00e4s9z._.js:2431
[  191265ms] [LOG] [Fast Refresh] done in 35ms @ http://localhost:3000/_next/static/chunks/0c-g_next_dist_00e4s9z._.js:2431
[  195860ms] [LOG] [Fast Refresh] rebuilding @ http://localhost:3000/_next/static/chunks/0c-g_next_dist_00e4s9z._.js:2431
[  195915ms] [LOG] [Fast Refresh] done in 50ms @ http://localhost:3000/_next/static/chunks/0c-g_next_dist_00e4s9z._.js:2431
[  218653ms] [LOG] [Fast Refresh] rebuilding @ http://localhost:3000/_next/static/chunks/0c-g_next_dist_00e4s9z._.js:2431
[  218714ms] [LOG] [Fast Refresh] done in 80ms @ http://localhost:3000/_next/static/chunks/0c-g_next_dist_00e4s9z._.js:2431
[  223819ms] [LOG] [Fast Refresh] rebuilding @ http://localhost:3000/_next/static/chunks/0c-g_next_dist_00e4s9z._.js:2431
[  223876ms] [LOG] [Fast Refresh] done in 80ms @ http://localhost:3000/_next/static/chunks/0c-g_next_dist_00e4s9z._.js:2431
[  230975ms] [LOG] [Fast Refresh] rebuilding @ http://localhost:3000/_next/static/chunks/0c-g_next_dist_00e4s9z._.js:2431
[  231032ms] [LOG] [Fast Refresh] done in 34ms @ http://localhost:3000/_next/static/chunks/0c-g_next_dist_00e4s9z._.js:2431
[  237229ms] [LOG] [Fast Refresh] rebuilding @ http://localhost:3000/_next/static/chunks/0c-g_next_dist_00e4s9z._.js:2431
[  237291ms] [LOG] [Fast Refresh] done in 58ms @ http://localhost:3000/_next/static/chunks/0c-g_next_dist_00e4s9z._.js:2431
[  242863ms] [LOG] [Fast Refresh] rebuilding @ http://localhost:3000/_next/static/chunks/0c-g_next_dist_00e4s9z._.js:2431
[  242917ms] [LOG] [Fast Refresh] done in 37ms @ http://localhost:3000/_next/static/chunks/0c-g_next_dist_00e4s9z._.js:2431
[  247593ms] [LOG] [Fast Refresh] rebuilding @ http://localhost:3000/_next/static/chunks/0c-g_next_dist_00e4s9z._.js:2431
[  247653ms] [LOG] [Fast Refresh] done in 32ms @ http://localhost:3000/_next/static/chunks/0c-g_next_dist_00e4s9z._.js:2431
[  253545ms] [LOG] [Fast Refresh] rebuilding @ http://localhost:3000/_next/static/chunks/0c-g_next_dist_00e4s9z._.js:2431
[  253568ms] [LOG] [Fast Refresh] done in 38ms @ http://localhost:3000/_next/static/chunks/0c-g_next_dist_00e4s9z._.js:2431
[  258201ms] [LOG] [Fast Refresh] rebuilding @ http://localhost:3000/_next/static/chunks/0c-g_next_dist_00e4s9z._.js:2431
[  258226ms] [LOG] [Fast Refresh] done in 37ms @ http://localhost:3000/_next/static/chunks/0c-g_next_dist_00e4s9z._.js:2431
[  263242ms] [LOG] [Fast Refresh] rebuilding @ http://localhost:3000/_next/static/chunks/0c-g_next_dist_00e4s9z._.js:2431
[  263304ms] [LOG] [Fast Refresh] done in 29ms @ http://localhost:3000/_next/static/chunks/0c-g_next_dist_00e4s9z._.js:2431
