[     121ms] [INFO] %cDownload the React DevTools for a better development experience: https://react.dev/link/react-devtools font-weight:bold @ http://localhost:3000/_next/static/chunks/0c-g_next_dist_00e4s9z._.js:2431
[     195ms] [LOG] [HMR] connected @ http://localhost:3000/_next/static/chunks/0c-g_next_dist_00e4s9z._.js:2431
[  114049ms] [LOG] [HMR] connected @ http://localhost:3000/_next/static/chunks/0c-g_next_dist_00e4s9z._.js:2431
[  115889ms] [INFO] %cDownload the React DevTools for a better development experience: https://react.dev/link/react-devtools font-weight:bold @ http://localhost:3000/_next/static/chunks/0c-g_next_dist_00e4s9z._.js:2431
[  115909ms] [LOG] [HMR] connected @ http://localhost:3000/_next/static/chunks/0c-g_next_dist_00e4s9z._.js:2431
[  183452ms] [LOG] [Fast Refresh] rebuilding @ http://localhost:3000/_next/static/chunks/0c-g_next_dist_00e4s9z._.js:2431
[  184314ms] [LOG] [Fast Refresh] done in 662ms @ http://localhost:3000/_next/static/chunks/0c-g_next_dist_00e4s9z._.js:2431
[  188741ms] [LOG] [Fast Refresh] rebuilding @ http://localhost:3000/_next/static/chunks/0c-g_next_dist_00e4s9z._.js:2431
[  188975ms] [LOG] [Fast Refresh] done in 47ms @ http://localhost:3000/_next/static/chunks/0c-g_next_dist_00e4s9z._.js:2431
[  195231ms] [LOG] [Fast Refresh] rebuilding @ http://localhost:3000/_next/static/chunks/0c-g_next_dist_00e4s9z._.js:2431
[  195484ms] [LOG] [Fast Refresh] done in 63ms @ http://localhost:3000/_next/static/chunks/0c-g_next_dist_00e4s9z._.js:2431
[  200377ms] [LOG] [Fast Refresh] rebuilding @ http://localhost:3000/_next/static/chunks/0c-g_next_dist_00e4s9z._.js:2431
[  200438ms] [LOG] [Fast Refresh] done in 118ms @ http://localhost:3000/_next/static/chunks/0c-g_next_dist_00e4s9z._.js:2431
[  206274ms] [LOG] [Fast Refresh] rebuilding @ http://localhost:3000/_next/static/chunks/0c-g_next_dist_00e4s9z._.js:2431
[  206330ms] [LOG] [Fast Refresh] done in 94ms @ http://localhost:3000/_next/static/chunks/0c-g_next_dist_00e4s9z._.js:2431
[  211698ms] [LOG] [Fast Refresh] rebuilding @ http://localhost:3000/_next/static/chunks/0c-g_next_dist_00e4s9z._.js:2431
[  211728ms] [LOG] [Fast Refresh] done in 89ms @ http://localhost:3000/_next/static/chunks/0c-g_next_dist_00e4s9z._.js:2431
[  211807ms] [LOG] [Fast Refresh] rebuilding @ http://localhost:3000/_next/static/chunks/0c-g_next_dist_00e4s9z._.js:2431
[  211864ms] [LOG] [Fast Refresh] done in 78ms @ http://localhost:3000/_next/static/chunks/0c-g_next_dist_00e4s9z._.js:2431
[  216685ms] [LOG] [Fast Refresh] rebuilding @ http://localhost:3000/_next/static/chunks/0c-g_next_dist_00e4s9z._.js:2431
[  216745ms] [LOG] [Fast Refresh] done in 46ms @ http://localhost:3000/_next/static/chunks/0c-g_next_dist_00e4s9z._.js:2431
[  222376ms] [LOG] [Fast Refresh] rebuilding @ http://localhost:3000/_next/static/chunks/0c-g_next_dist_00e4s9z._.js:2431
[  222437ms] [LOG] [Fast Refresh] done in 53ms @ http://localhost:3000/_next/static/chunks/0c-g_next_dist_00e4s9z._.js:2431
[  227399ms] [LOG] [Fast Refresh] rebuilding @ http://localhost:3000/_next/static/chunks/0c-g_next_dist_00e4s9z._.js:2431
[  227458ms] [LOG] [Fast Refresh] done in 60ms @ http://localhost:3000/_next/static/chunks/0c-g_next_dist_00e4s9z._.js:2431
[  239438ms] [LOG] [Fast Refresh] rebuilding @ http://localhost:3000/_next/static/chunks/0c-g_next_dist_00e4s9z._.js:2431
[  239505ms] [LOG] [Fast Refresh] done in 78ms @ http://localhost:3000/_next/static/chunks/0c-g_next_dist_00e4s9z._.js:2431
[  243975ms] [LOG] [Fast Refresh] rebuilding @ http://localhost:3000/_next/static/chunks/0c-g_next_dist_00e4s9z._.js:2431
[  244040ms] [LOG] [Fast Refresh] done in 55ms @ http://localhost:3000/_next/static/chunks/0c-g_next_dist_00e4s9z._.js:2431
[  249257ms] [LOG] [Fast Refresh] rebuilding @ http://localhost:3000/_next/static/chunks/0c-g_next_dist_00e4s9z._.js:2431
[  249318ms] [LOG] [Fast Refresh] done in 60ms @ http://localhost:3000/_next/static/chunks/0c-g_next_dist_00e4s9z._.js:2431
[  253978ms] [LOG] [Fast Refresh] rebuilding @ http://localhost:3000/_next/static/chunks/0c-g_next_dist_00e4s9z._.js:2431
[  254038ms] [LOG] [Fast Refresh] done in 67ms @ http://localhost:3000/_next/static/chunks/0c-g_next_dist_00e4s9z._.js:2431
[  258629ms] [LOG] [Fast Refresh] rebuilding @ http://localhost:3000/_next/static/chunks/0c-g_next_dist_00e4s9z._.js:2431
[  258689ms] [LOG] [Fast Refresh] done in 46ms @ http://localhost:3000/_next/static/chunks/0c-g_next_dist_00e4s9z._.js:2431
[  264668ms] [LOG] [Fast Refresh] rebuilding @ http://localhost:3000/_next/static/chunks/0c-g_next_dist_00e4s9z._.js:2431
[  264723ms] [LOG] [Fast Refresh] done in 50ms @ http://localhost:3000/_next/static/chunks/0c-g_next_dist_00e4s9z._.js:2431
