[     339ms] [INFO] %cDownload the React DevTools for a better development experience: https://react.dev/link/react-devtools font-weight:bold @ http://localhost:3000/_next/static/chunks/0c-g_next_dist_00e4s9z._.js:2431
[     424ms] [LOG] [HMR] connected @ http://localhost:3000/_next/static/chunks/0c-g_next_dist_00e4s9z._.js:2431
[  203190ms] [LOG] [Fast Refresh] rebuilding @ http://localhost:3000/_next/static/chunks/0c-g_next_dist_00e4s9z._.js:2431
[  203364ms] [LOG] [Fast Refresh] done in 276ms @ http://localhost:3000/_next/static/chunks/0c-g_next_dist_00e4s9z._.js:2431
[  390310ms] [LOG] [Fast Refresh] rebuilding @ http://localhost:3000/_next/static/chunks/0c-g_next_dist_00e4s9z._.js:2431
[  390330ms] [LOG] [Fast Refresh] done in 42ms @ http://localhost:3000/_next/static/chunks/0c-g_next_dist_00e4s9z._.js:2431
[  397371ms] [LOG] [Fast Refresh] rebuilding @ http://localhost:3000/_next/static/chunks/0c-g_next_dist_00e4s9z._.js:2431
[  397539ms] [LOG] [Fast Refresh] done in 157ms @ http://localhost:3000/_next/static/chunks/0c-g_next_dist_00e4s9z._.js:2431
[  404393ms] [LOG] [Fast Refresh] rebuilding @ http://localhost:3000/_next/static/chunks/0c-g_next_dist_00e4s9z._.js:2431
[  404411ms] [LOG] [Fast Refresh] done in 60ms @ http://localhost:3000/_next/static/chunks/0c-g_next_dist_00e4s9z._.js:2431
[  411605ms] [LOG] [Fast Refresh] rebuilding @ http://localhost:3000/_next/static/chunks/0c-g_next_dist_00e4s9z._.js:2431
[  411667ms] [LOG] [Fast Refresh] done in 52ms @ http://localhost:3000/_next/static/chunks/0c-g_next_dist_00e4s9z._.js:2431
[  418087ms] [LOG] [Fast Refresh] rebuilding @ http://localhost:3000/_next/static/chunks/0c-g_next_dist_00e4s9z._.js:2431
[  418099ms] [LOG] [Fast Refresh] done in 74ms @ http://localhost:3000/_next/static/chunks/0c-g_next_dist_00e4s9z._.js:2431
[  426339ms] [LOG] [Fast Refresh] rebuilding @ http://localhost:3000/_next/static/chunks/0c-g_next_dist_00e4s9z._.js:2431
[  426362ms] [LOG] [Fast Refresh] done in 38ms @ http://localhost:3000/_next/static/chunks/0c-g_next_dist_00e4s9z._.js:2431
[  483793ms] [LOG] [Fast Refresh] rebuilding @ http://localhost:3000/_next/static/chunks/0c-g_next_dist_00e4s9z._.js:2431
[  483889ms] [LOG] [Fast Refresh] done in 204ms @ http://localhost:3000/_next/static/chunks/0c-g_next_dist_00e4s9z._.js:2431
[  631451ms] [LOG] [Fast Refresh] rebuilding @ http://localhost:3000/_next/static/chunks/0c-g_next_dist_00e4s9z._.js:2431
[  631518ms] [LOG] [Fast Refresh] done in 71ms @ http://localhost:3000/_next/static/chunks/0c-g_next_dist_00e4s9z._.js:2431
[  637522ms] [LOG] [Fast Refresh] rebuilding @ http://localhost:3000/_next/static/chunks/0c-g_next_dist_00e4s9z._.js:2431
[  637547ms] [LOG] [Fast Refresh] done in 68ms @ http://localhost:3000/_next/static/chunks/0c-g_next_dist_00e4s9z._.js:2431
[  638912ms] [LOG] [Fast Refresh] rebuilding @ http://localhost:3000/_next/static/chunks/0c-g_next_dist_00e4s9z._.js:2431
[  638975ms] [LOG] [Fast Refresh] done in 174ms @ http://localhost:3000/_next/static/chunks/0c-g_next_dist_00e4s9z._.js:2431
[  646786ms] [LOG] [Fast Refresh] rebuilding @ http://localhost:3000/_next/static/chunks/0c-g_next_dist_00e4s9z._.js:2431
[  646810ms] [LOG] [Fast Refresh] done in 42ms @ http://localhost:3000/_next/static/chunks/0c-g_next_dist_00e4s9z._.js:2431
[  647605ms] [LOG] [Fast Refresh] rebuilding @ http://localhost:3000/_next/static/chunks/0c-g_next_dist_00e4s9z._.js:2431
[  647683ms] [LOG] [Fast Refresh] done in 187ms @ http://localhost:3000/_next/static/chunks/0c-g_next_dist_00e4s9z._.js:2431
[  652475ms] [LOG] [Fast Refresh] rebuilding @ http://localhost:3000/_next/static/chunks/0c-g_next_dist_00e4s9z._.js:2431
[  652538ms] [LOG] [Fast Refresh] done in 70ms @ http://localhost:3000/_next/static/chunks/0c-g_next_dist_00e4s9z._.js:2431
[  841133ms] [LOG] [Fast Refresh] rebuilding @ http://localhost:3000/_next/static/chunks/0c-g_next_dist_00e4s9z._.js:2431
[  841158ms] [LOG] [Fast Refresh] done in 85ms @ http://localhost:3000/_next/static/chunks/0c-g_next_dist_00e4s9z._.js:2431
[  847609ms] [LOG] [Fast Refresh] rebuilding @ http://localhost:3000/_next/static/chunks/0c-g_next_dist_00e4s9z._.js:2431
[  847635ms] [LOG] [Fast Refresh] done in 37ms @ http://localhost:3000/_next/static/chunks/0c-g_next_dist_00e4s9z._.js:2431
[  854184ms] [LOG] [Fast Refresh] rebuilding @ http://localhost:3000/_next/static/chunks/0c-g_next_dist_00e4s9z._.js:2431
[  854245ms] [LOG] [Fast Refresh] done in 135ms @ http://localhost:3000/_next/static/chunks/0c-g_next_dist_00e4s9z._.js:2431
[  859747ms] [LOG] [Fast Refresh] rebuilding @ http://localhost:3000/_next/static/chunks/0c-g_next_dist_00e4s9z._.js:2431
[  859808ms] [LOG] [Fast Refresh] done in 165ms @ http://localhost:3000/_next/static/chunks/0c-g_next_dist_00e4s9z._.js:2431
[  862265ms] [LOG] [Fast Refresh] rebuilding @ http://localhost:3000/_next/static/chunks/0c-g_next_dist_00e4s9z._.js:2431
[  862286ms] [LOG] [Fast Refresh] done in 60ms @ http://localhost:3000/_next/static/chunks/0c-g_next_dist_00e4s9z._.js:2431
[  863603ms] [LOG] [Fast Refresh] rebuilding @ http://localhost:3000/_next/static/chunks/0c-g_next_dist_00e4s9z._.js:2431
[  863682ms] [LOG] [Fast Refresh] done in 194ms @ http://localhost:3000/_next/static/chunks/0c-g_next_dist_00e4s9z._.js:2431
[  867637ms] [LOG] [Fast Refresh] rebuilding @ http://localhost:3000/_next/static/chunks/0c-g_next_dist_00e4s9z._.js:2431
[  867658ms] [LOG] [Fast Refresh] done in 41ms @ http://localhost:3000/_next/static/chunks/0c-g_next_dist_00e4s9z._.js:2431
[  875867ms] [LOG] [Fast Refresh] rebuilding @ http://localhost:3000/_next/static/chunks/0c-g_next_dist_00e4s9z._.js:2431
[  875926ms] [LOG] [Fast Refresh] done in 61ms @ http://localhost:3000/_next/static/chunks/0c-g_next_dist_00e4s9z._.js:2431
[  883213ms] [LOG] [Fast Refresh] rebuilding @ http://localhost:3000/_next/static/chunks/0c-g_next_dist_00e4s9z._.js:2431
[  883272ms] [LOG] [Fast Refresh] done in 44ms @ http://localhost:3000/_next/static/chunks/0c-g_next_dist_00e4s9z._.js:2431
[  888599ms] [LOG] [Fast Refresh] rebuilding @ http://localhost:3000/_next/static/chunks/0c-g_next_dist_00e4s9z._.js:2431
[  888665ms] [LOG] [Fast Refresh] done in 68ms @ http://localhost:3000/_next/static/chunks/0c-g_next_dist_00e4s9z._.js:2431
[  896098ms] [LOG] [Fast Refresh] rebuilding @ http://localhost:3000/_next/static/chunks/0c-g_next_dist_00e4s9z._.js:2431
[  896156ms] [LOG] [Fast Refresh] done in 62ms @ http://localhost:3000/_next/static/chunks/0c-g_next_dist_00e4s9z._.js:2431
[  901514ms] [LOG] [Fast Refresh] rebuilding @ http://localhost:3000/_next/static/chunks/0c-g_next_dist_00e4s9z._.js:2431
[  901580ms] [LOG] [Fast Refresh] done in 72ms @ http://localhost:3000/_next/static/chunks/0c-g_next_dist_00e4s9z._.js:2431
[  981146ms] [LOG] [HMR] connected @ http://localhost:3000/_next/static/chunks/0c-g_next_dist_00e4s9z._.js:2431
[  983198ms] [INFO] %cDownload the React DevTools for a better development experience: https://react.dev/link/react-devtools font-weight:bold @ http://localhost:3000/_next/static/chunks/0c-g_next_dist_00e4s9z._.js:2431
[  983411ms] [LOG] [HMR] connected @ http://localhost:3000/_next/static/chunks/0c-g_next_dist_00e4s9z._.js:2431
[  985762ms] [LOG] [Fast Refresh] rebuilding @ http://localhost:3000/_next/static/chunks/0c-g_next_dist_00e4s9z._.js:2431
[  985770ms] [LOG] [Fast Refresh] done in 115ms @ http://localhost:3000/_next/static/chunks/0c-g_next_dist_00e4s9z._.js:2431
[  992490ms] [LOG] [Fast Refresh] rebuilding @ http://localhost:3000/_next/static/chunks/0c-g_next_dist_00e4s9z._.js:2431
[  993167ms] [LOG] [Fast Refresh] done in 736ms @ http://localhost:3000/_next/static/chunks/0c-g_next_dist_00e4s9z._.js:2431
[ 1017104ms] [LOG] [Fast Refresh] rebuilding @ http://localhost:3000/_next/static/chunks/0c-g_next_dist_00e4s9z._.js:2431
[ 1017105ms] [LOG] [Fast Refresh] done in 105ms @ http://localhost:3000/_next/static/chunks/0c-g_next_dist_00e4s9z._.js:2431
[ 1056305ms] [LOG] [Fast Refresh] rebuilding @ http://localhost:3000/_next/static/chunks/0c-g_next_dist_00e4s9z._.js:2431
[ 1056427ms] [LOG] [Fast Refresh] done in 153ms @ http://localhost:3000/_next/static/chunks/0c-g_next_dist_00e4s9z._.js:2431
[ 1076400ms] [LOG] [Fast Refresh] rebuilding @ http://localhost:3000/_next/static/chunks/0c-g_next_dist_00e4s9z._.js:2431
[ 1076401ms] [LOG] [Fast Refresh] done in 104ms @ http://localhost:3000/_next/static/chunks/0c-g_next_dist_00e4s9z._.js:2431
[ 1093489ms] [LOG] [Fast Refresh] rebuilding @ http://localhost:3000/_next/static/chunks/0c-g_next_dist_00e4s9z._.js:2431
[ 1093678ms] [LOG] [Fast Refresh] done in 304ms @ http://localhost:3000/_next/static/chunks/0c-g_next_dist_00e4s9z._.js:2431
[ 1095673ms] [LOG] [Fast Refresh] rebuilding @ http://localhost:3000/_next/static/chunks/0c-g_next_dist_00e4s9z._.js:2431
[ 1095723ms] [LOG] [Fast Refresh] done in 163ms @ http://localhost:3000/_next/static/chunks/0c-g_next_dist_00e4s9z._.js:2431
[ 1113921ms] [LOG] [HMR] connected @ http://localhost:3000/_next/static/chunks/0c-g_next_dist_00e4s9z._.js:2431
[ 1115976ms] [INFO] %cDownload the React DevTools for a better development experience: https://react.dev/link/react-devtools font-weight:bold @ http://localhost:3000/_next/static/chunks/0c-g_next_dist_00e4s9z._.js:2431
[ 1116011ms] [LOG] [HMR] connected @ http://localhost:3000/_next/static/chunks/0c-g_next_dist_00e4s9z._.js:2431
[ 1188481ms] [LOG] [Fast Refresh] rebuilding @ http://localhost:3000/_next/static/chunks/0c-g_next_dist_00e4s9z._.js:2431
[ 1189186ms] [LOG] [Fast Refresh] done in 774ms @ http://localhost:3000/_next/static/chunks/0c-g_next_dist_00e4s9z._.js:2431
[ 1206562ms] [LOG] [Fast Refresh] rebuilding @ http://localhost:3000/_next/static/chunks/0c-g_next_dist_00e4s9z._.js:2431
[ 1206578ms] [LOG] [Fast Refresh] done in 118ms @ http://localhost:3000/_next/static/chunks/0c-g_next_dist_00e4s9z._.js:2431
[ 1260968ms] [LOG] [Fast Refresh] rebuilding @ http://localhost:3000/_next/static/chunks/0c-g_next_dist_00e4s9z._.js:2431
[ 1261307ms] [LOG] [Fast Refresh] done in 455ms @ http://localhost:3000/_next/static/chunks/0c-g_next_dist_00e4s9z._.js:2431
