[     114ms] [LOG] [Fast Refresh] rebuilding @ http://localhost:3000/_next/static/chunks/0c-g_next_dist_00e4s9z._.js:2431
[     434ms] [LOG] [Fast Refresh] done in 420ms @ http://localhost:3000/_next/static/chunks/0c-g_next_dist_00e4s9z._.js:2431
[     499ms] [INFO] %cDownload the React DevTools for a better development experience: https://react.dev/link/react-devtools font-weight:bold @ http://localhost:3000/_next/static/chunks/0c-g_next_dist_00e4s9z._.js:2431
[     529ms] [LOG] [HMR] connected @ http://localhost:3000/_next/static/chunks/0c-g_next_dist_00e4s9z._.js:2431
[     732ms] [LOG] [Fast Refresh] rebuilding @ http://localhost:3000/_next/static/chunks/0c-g_next_dist_00e4s9z._.js:2431
[     732ms] [LOG] [Fast Refresh] done in 116ms @ http://localhost:3000/_next/static/chunks/0c-g_next_dist_00e4s9z._.js:2431
[  289213ms] [LOG] [Fast Refresh] rebuilding @ http://localhost:3000/_next/static/chunks/0c-g_next_dist_00e4s9z._.js:2431
[  289238ms] [LOG] [Fast Refresh] done in 67ms @ http://localhost:3000/_next/static/chunks/0c-g_next_dist_00e4s9z._.js:2431
[  301610ms] [LOG] [Fast Refresh] rebuilding @ http://localhost:3000/_next/static/chunks/0c-g_next_dist_00e4s9z._.js:2431
[  301630ms] [LOG] [Fast Refresh] done in 71ms @ http://localhost:3000/_next/static/chunks/0c-g_next_dist_00e4s9z._.js:2431
[  486961ms] [LOG] [Fast Refresh] rebuilding @ http://localhost:3000/_next/static/chunks/0c-g_next_dist_00e4s9z._.js:2431
[  486990ms] [LOG] [Fast Refresh] done in 90ms @ http://localhost:3000/_next/static/chunks/0c-g_next_dist_00e4s9z._.js:2431
[  493098ms] [LOG] [Fast Refresh] rebuilding @ http://localhost:3000/_next/static/chunks/0c-g_next_dist_00e4s9z._.js:2431
[  493120ms] [LOG] [Fast Refresh] done in 63ms @ http://localhost:3000/_next/static/chunks/0c-g_next_dist_00e4s9z._.js:2431
[  495858ms] [LOG] [Fast Refresh] rebuilding @ http://localhost:3000/_next/static/chunks/0c-g_next_dist_00e4s9z._.js:2431
[  496167ms] [LOG] [Fast Refresh] done in 412ms @ http://localhost:3000/_next/static/chunks/0c-g_next_dist_00e4s9z._.js:2431
[  498260ms] [LOG] [Fast Refresh] rebuilding @ http://localhost:3000/_next/static/chunks/0c-g_next_dist_00e4s9z._.js:2431
[  498428ms] [LOG] [Fast Refresh] done in 276ms @ http://localhost:3000/_next/static/chunks/0c-g_next_dist_00e4s9z._.js:2431
[  511852ms] [LOG] [Fast Refresh] rebuilding @ http://localhost:3000/_next/static/chunks/0c-g_next_dist_00e4s9z._.js:2431
[  511853ms] [LOG] [Fast Refresh] done in 104ms @ http://localhost:3000/_next/static/chunks/0c-g_next_dist_00e4s9z._.js:2431
[  515566ms] [LOG] [Fast Refresh] rebuilding @ http://localhost:3000/_next/static/chunks/0c-g_next_dist_00e4s9z._.js:2431
[  515567ms] [LOG] [Fast Refresh] done in 103ms @ http://localhost:3000/_next/static/chunks/0c-g_next_dist_00e4s9z._.js:2431
